<?xml version="1.0" encoding="UTF-8"?>
<testsuites name="TS_Search_Cats" time="7.044" tests="1" failures="0" errors="0">
   <testsuite name="TS_Search_Cats" tests="1" failures="0" errors="0" time="7.044" skipped="0" timestamp="16-09-2024T21:32:01" hostname="WINDOWS11 - Mohan" id="Test Suites/TS_Search_Cats">
      <properties>
         <property name="deviceName" value=""/>
         <property name="devicePlatform"/>
         <property name="logFolder" value="C:\\Users\\WINDOWS11\\git\\eykatalan\\Reports\\20240916_213156\\TS_Search_Cats\\20240916_213156"/>
         <property name="logFiles" value="C:\\Users\\WINDOWS11\\git\\eykatalan\\Reports\\20240916_213156\\TS_Search_Cats\\20240916_213156\\execution0.log"/>
         <property name="attachments" value=""/>
         <property name="hostName" value="WINDOWS11 - Mohan"/>
         <property name="os" value="Windows 11 64bit"/>
         <property name="katalonVersion" value="9.6.0.217"/>
         <property name="browser" value="Chrome 128.0.0.0"/>
         <property name="hostAddress" value="192.168.1.6"/>
         <property name="sessionId" value="10c6e3683e6bd0ed8dd5f6db51b072e1"/>
         <property name="seleniumVersion" value="3.141.59"/>
         <property name="proxyInformation" value="ProxyInformation { proxyOption=NO_PROXY, proxyServerType=HTTP, username=, password=********, proxyServerAddress=, proxyServerPort=0, executionList=&quot;&quot;, isApplyToDesiredCapabilities=true }"/>
         <property name="platform" value="Windows 11"/>
      </properties>
      <testcase name="Test Cases/TC_Search_Cats" time="6.774" classname="Test Cases/TC_Search_Cats" status="PASSED">
         <system-out><![CDATA[16-09-2024T21:32:01 - [TEST_CASE][PASSED] - Test Cases/TC_Search_Cats: Test Cases/TC_Search_Cats

16-09-2024T21:32:01 - [TEST_STEP][PASSED] - openBrowser(""): Browser is opened with url: ''

16-09-2024T21:32:02 - [MESSAGE][INFO] - Starting 'Chrome' driver

16-09-2024T21:32:02 - [MESSAGE][INFO] - Action delay is set to 0 milliseconds

16-09-2024T21:32:04 - [MESSAGE][PASSED] - Browser is opened with url: ''

16-09-2024T21:32:04 - [TEST_STEP][PASSED] - navigateToUrl("https://petstore.octoperf.com/"): Navigate to 'https://petstore.octoperf.com/' successfully

16-09-2024T21:32:04 - [MESSAGE][PASSED] - Navigate to 'https://petstore.octoperf.com/' successfully

16-09-2024T21:32:04 - [TEST_STEP][PASSED] - click(findTestObject("Object Repository/Search_cats/Page_JPetStore Demo/a_Enter the Store")): Object: 'Object Repository/Search_cats/Page_JPetStore Demo/a_Enter the Store' is clicked on

16-09-2024T21:32:06 - [MESSAGE][PASSED] - Object: 'Object Repository/Search_cats/Page_JPetStore Demo/a_Enter the Store' is clicked on

16-09-2024T21:32:06 - [TEST_STEP][PASSED] - setText(findTestObject("Object Repository/Search_cats/Page_JPetStore Demo/input__keyword"), "Cats"): Text 'Cats' is set on object 'Object Repository/Search_cats/Page_JPetStore Demo/input__keyword'

16-09-2024T21:32:06 - [MESSAGE][PASSED] - Text 'Cats' is set on object 'Object Repository/Search_cats/Page_JPetStore Demo/input__keyword'

16-09-2024T21:32:06 - [TEST_STEP][PASSED] - click(findTestObject("Object Repository/Search_cats/Page_JPetStore Demo/input__searchProducts")): Object: 'Object Repository/Search_cats/Page_JPetStore Demo/input__searchProducts' is clicked on

16-09-2024T21:32:07 - [MESSAGE][PASSED] - Object: 'Object Repository/Search_cats/Page_JPetStore Demo/input__searchProducts' is clicked on

16-09-2024T21:32:07 - [TEST_STEP][PASSED] - click(findTestObject("Object Repository/Search_cats/Page_JPetStore Demo/a_Return to Main Menu")): Object: 'Object Repository/Search_cats/Page_JPetStore Demo/a_Return to Main Menu' is clicked on

16-09-2024T21:32:07 - [MESSAGE][PASSED] - Object: 'Object Repository/Search_cats/Page_JPetStore Demo/a_Return to Main Menu' is clicked on

16-09-2024T21:32:07 - [TEST_STEP][PASSED] - closeBrowser(): Browser is closed

16-09-2024T21:32:08 - [MESSAGE][PASSED] - Browser is closed]]></system-out>
         <system-err><![CDATA[]]></system-err>
      </testcase>
      <system-out><![CDATA[16-09-2024T21:32:01 - [TEST_SUITE][PASSED] - TS_Search_Cats: Test Cases/TC_Search_Cats]]></system-out>
      <system-err><![CDATA[]]></system-err>
   </testsuite>
</testsuites>
